[02:54:01] [ServerMain/INFO]: Environment: Environment[sessionHost=https://sessionserver.mojang.com, servicesHost=https://api.minecraftservices.com, name=PROD]
[02:54:02] [ServerMain/INFO]: No existing world data, creating new world
[02:54:03] [ServerMain/INFO]: Loaded 1290 recipes
[02:54:04] [ServerMain/INFO]: Loaded 1399 advancements
[02:54:04] [Server thread/INFO]: Starting minecraft server version 1.21
[02:54:04] [Server thread/INFO]: Loading properties
[02:54:04] [Server thread/INFO]: Default game type: SURVIVAL
[02:54:04] [Server thread/INFO]: Generating keypair
[02:54:05] [Server thread/INFO]: Starting Minecraft server on *:25565
[02:54:05] [Server thread/INFO]: Using epoll channel type
[02:54:05] [Server thread/WARN]: **** SERVER IS RUNNING IN OFFLINE/INSECURE MODE!
[02:54:05] [Server thread/WARN]: The server will make no attempt to authenticate usernames. Beware.
[02:54:05] [Server thread/WARN]: While this makes the game possible to play without internet access, it also opens up the ability for hackers to connect with any username they choose.
[02:54:05] [Server thread/WARN]: To change this, set "online-mode" to "true" in the server.properties file.
[02:54:05] [Server thread/INFO]: Preparing level "world"
[02:54:19] [Server thread/INFO]: Preparing start region for dimension minecraft:overworld
[02:54:19] [Worker-Main-1/INFO]: Preparing spawn area: 2%
[02:54:19] [Worker-Main-1/INFO]: Preparing spawn area: 2%
[02:54:20] [Worker-Main-1/INFO]: Preparing spawn area: 2%
[02:54:20] [Worker-Main-1/INFO]: Preparing spawn area: 2%
[02:54:21] [Worker-Main-1/INFO]: Preparing spawn area: 2%
[02:54:22] [Worker-Main-1/INFO]: Preparing spawn area: 2%
[02:54:22] [Worker-Main-1/INFO]: Preparing spawn area: 2%
[02:54:22] [Worker-Main-1/INFO]: Preparing spawn area: 2%
[02:54:23] [Worker-Main-1/INFO]: Preparing spawn area: 2%
[02:54:23] [Worker-Main-1/INFO]: Preparing spawn area: 8%
[02:54:24] [Worker-Main-1/INFO]: Preparing spawn area: 8%
[02:54:24] [Worker-Main-1/INFO]: Preparing spawn area: 8%
[02:54:25] [Worker-Main-1/INFO]: Preparing spawn area: 8%
[02:54:25] [Worker-Main-1/INFO]: Preparing spawn area: 8%
[02:54:26] [Worker-Main-1/INFO]: Preparing spawn area: 8%
[02:54:26] [Worker-Main-1/INFO]: Preparing spawn area: 8%
[02:54:27] [Worker-Main-1/INFO]: Preparing spawn area: 8%
[02:54:27] [Worker-Main-1/INFO]: Preparing spawn area: 8%
[02:54:28] [Worker-Main-1/INFO]: Preparing spawn area: 10%
[02:54:28] [Worker-Main-1/INFO]: Preparing spawn area: 10%
[02:54:29] [Worker-Main-1/INFO]: Preparing spawn area: 10%
[02:54:29] [Worker-Main-1/INFO]: Preparing spawn area: 30%
[02:54:30] [Server thread/INFO]: Time elapsed: 11258 ms
[02:54:30] [Server thread/INFO]: Done (25.319s)! For help, type "help"
[02:55:00] [Server thread/INFO]: Unknown or incomplete command, see below for error
[02:55:00] [Server thread/INFO]: <--[HERE]
[02:55:09] [Server thread/INFO]: /advancement (grant|revoke)
[02:55:09] [Server thread/INFO]: /attribute <target> <attribute> (get|base|modifier)
[02:55:09] [Server thread/INFO]: /execute (run|if|unless|as|at|store|positioned|rotated|facing|align|anchored|in|summon|on)
[02:55:09] [Server thread/INFO]: /bossbar (add|remove|list|set|get)
[02:55:09] [Server thread/INFO]: /clear [<targets>]
[02:55:09] [Server thread/INFO]: /clone (<begin>|from)
[02:55:09] [Server thread/INFO]: /damage <target> <amount> [<damageType>]
[02:55:09] [Server thread/INFO]: /data (merge|get|remove|modify)
[02:55:09] [Server thread/INFO]: /datapack (enable|disable|list)
[02:55:09] [Server thread/INFO]: /debug (start|stop|function)
[02:55:09] [Server thread/INFO]: /defaultgamemode <gamemode>
[02:55:09] [Server thread/INFO]: /difficulty [peaceful|easy|normal|hard]
[02:55:09] [Server thread/INFO]: /effect (clear|give)
[02:55:09] [Server thread/INFO]: /me <action>
[02:55:09] [Server thread/INFO]: /enchant <targets> <enchantment> [<level>]
[02:55:09] [Server thread/INFO]: /experience (add|set|query)
[02:55:09] [Server thread/INFO]: /xp -> experience
[02:55:09] [Server thread/INFO]: /fill <from> <to> <block> [replace|keep|outline|hollow|destroy]
[02:55:09] [Server thread/INFO]: /fillbiome <from> <to> <biome> [replace]
[02:55:09] [Server thread/INFO]: /forceload (add|remove|query)
[02:55:09] [Server thread/INFO]: /function <name> [<arguments>|with]
[02:55:09] [Server thread/INFO]: /gamemode <gamemode> [<target>]
[02:55:09] [Server thread/INFO]: /gamerule (announceAdvancements|blockExplosionDropDecay|commandBlockOutput|commandModificationBlockLimit|disableElytraMovementCheck|disableRaids|doDaylightCycle|doEntityDrops|doFireTick|doImmediateRespawn|doInsomnia|doLimitedCrafting|doMobLoot|doMobSpawning|doPatrolSpawning|doTileDrops|doTraderSpawning|doVinesSpread|doWardenSpawning|doWeatherCycle|drowningDamage|enderPearlsVanishOnDeath|fallDamage|fireDamage|forgiveDeadPlayers|freezeDamage|globalSoundEvents|keepInventory|lavaSourceConversion|logAdminCommands|maxCommandChainLength|maxCommandForkCount|maxEntityCramming|mobExplosionDropDecay|mobGriefing|naturalRegeneration|playersNetherPortalCreativeDelay|playersNetherPortalDefaultDelay|playersSleepingPercentage|projectilesCanBreakBlocks|randomTickSpeed|reducedDebugInfo|sendCommandFeedback|showDeathMessages|snowAccumulationHeight|spawnChunkRadius|spawnRadius|spectatorsGenerateChunks|tntExplosionDropDecay|universalAnger|waterSourceConversion)
[02:55:09] [Server thread/INFO]: /give <targets> <item> [<count>]
[02:55:09] [Server thread/INFO]: /help [<command>]
[02:55:09] [Server thread/INFO]: /item (replace|modify)
[02:55:09] [Server thread/INFO]: /kick <targets> [<reason>]
[02:55:09] [Server thread/INFO]: /kill [<targets>]
[02:55:09] [Server thread/INFO]: /list [uuids]
[02:55:09] [Server thread/INFO]: /locate (structure|biome|poi)
[02:55:09] [Server thread/INFO]: /loot (replace|insert|give|spawn)
[02:55:09] [Server thread/INFO]: /msg <targets> <message>
[02:55:09] [Server thread/INFO]: /tell -> msg
[02:55:09] [Server thread/INFO]: /w -> msg
[02:55:09] [Server thread/INFO]: /particle <name> [<pos>]
[02:55:09] [Server thread/INFO]: /place (feature|jigsaw|structure|template)
[02:55:09] [Server thread/INFO]: /playsound <sound> [master|music|record|weather|block|hostile|neutral|player|ambient|voice]
[02:55:09] [Server thread/INFO]: /random (value|roll|reset)
[02:55:09] [Server thread/INFO]: /reload
[02:55:09] [Server thread/INFO]: /recipe (give|take)
[02:55:09] [Server thread/INFO]: /return (<value>|fail|run)
[02:55:09] [Server thread/INFO]: /ride <target> (mount|dismount)
[02:55:09] [Server thread/INFO]: /say <message>
[02:55:09] [Server thread/INFO]: /schedule (function|clear)
[02:55:09] [Server thread/INFO]: /scoreboard (objectives|players)
[02:55:09] [Server thread/INFO]: /seed
[02:55:09] [Server thread/INFO]: /setblock <pos> <block> [destroy|keep|replace]
[02:55:09] [Server thread/INFO]: /spawnpoint [<targets>]
[02:55:09] [Server thread/INFO]: /setworldspawn [<pos>]
[02:55:09] [Server thread/INFO]: /spectate [<target>]
[02:55:09] [Server thread/INFO]: /spreadplayers <center> <spreadDistance> <maxRange> (<respectTeams>|under)
[02:55:09] [Server thread/INFO]: /stopsound <targets> [*|master|music|record|weather|block|hostile|neutral|player|ambient|voice]
[02:55:09] [Server thread/INFO]: /summon <entity> [<pos>]
[02:55:09] [Server thread/INFO]: /tag <targets> (add|remove|list)
[02:55:09] [Server thread/INFO]: /team (list|add|remove|empty|join|leave|modify)
[02:55:09] [Server thread/INFO]: /teammsg <message>
[02:55:09] [Server thread/INFO]: /tm -> teammsg
[02:55:09] [Server thread/INFO]: /teleport (<location>|<destination>|<targets>)
[02:55:09] [Server thread/INFO]: /tp -> teleport
[02:55:09] [Server thread/INFO]: /tellraw <targets> <message>
[02:55:09] [Server thread/INFO]: /tick (query|rate|step|sprint|unfreeze|freeze)
[02:55:09] [Server thread/INFO]: /time (set|add|query)
[02:55:09] [Server thread/INFO]: /title <targets> (clear|reset|title|subtitle|actionbar|times)
[02:55:09] [Server thread/INFO]: /trigger <objective> [add|set]
[02:55:09] [Server thread/INFO]: /weather (clear|rain|thunder)
[02:55:09] [Server thread/INFO]: /worldborder (add|set|center|damage|get|warning)
[02:55:09] [Server thread/INFO]: /jfr (start|stop)
[02:55:09] [Server thread/INFO]: /ban-ip <target> [<reason>]
[02:55:09] [Server thread/INFO]: /banlist [ips|players]
[02:55:09] [Server thread/INFO]: /ban <targets> [<reason>]
[02:55:09] [Server thread/INFO]: /deop <targets>
[02:55:09] [Server thread/INFO]: /op <targets>
[02:55:09] [Server thread/INFO]: /pardon <targets>
[02:55:09] [Server thread/INFO]: /pardon-ip <target>
[02:55:09] [Server thread/INFO]: /perf (start|stop)
[02:55:09] [Server thread/INFO]: /save-all [flush]
[02:55:09] [Server thread/INFO]: /save-off
[02:55:09] [Server thread/INFO]: /save-on
[02:55:09] [Server thread/INFO]: /setidletimeout <minutes>
[02:55:09] [Server thread/INFO]: /stop
[02:55:09] [Server thread/INFO]: /transfer <hostname> [<port>]
[02:55:09] [Server thread/INFO]: /whitelist (on|off|list|add|remove|reload)
